<?xml version="1.0" encoding="UTF-8"?>
<!-- Generated by org.testng.reporters.JUnitXMLReporter -->
<testsuite ignored="0" hostname="Personal-PC" failures="0" tests="3" name="Default test" time="33.312" errors="0" timestamp="2025-10-29T14:05:36 IST">
  <testcase classname="testpkg.H_RecruitmentTest" name="loginAndOpenAddCandidatePage" time="4.293"/>
  <testcase classname="testpkg.H_RecruitmentTest" name="addCandidateDetails" time="11.404"/>
  <testcase classname="testpkg.H_RecruitmentTest" name="searchAndFetchCandidate" time="11.401"/>
</testsuite> <!-- Default test -->
