<?xml version="1.0" encoding="UTF-8"?>
<!-- Generated by org.testng.reporters.JUnitXMLReporter -->
<testsuite ignored="16" hostname="Personal-PC" failures="0" tests="25" name="Test" time="262.403" errors="0" timestamp="2025-10-29T14:39:03 IST">
  <testcase classname="testpkg.A_LoginTest" name="test1" time="20.967"/>
  <testcase classname="testpkg.B_DashboardTest" name="OpenOrange" time="5.2"/>
  <testcase classname="testpkg.B_DashboardTest" name="printDashboardWidgetTitles" time="2.254"/>
  <testcase classname="testpkg.C_SearchTest" name="OpenOrange" time="4.187"/>
  <testcase classname="testpkg.C_SearchTest" name="search" time="4.334"/>
  <testcase classname="testpkg.C_SearchTest" name="searchInvalid" time="4.303"/>
  <testcase classname="testpkg.D_PIMTest" name="OpenOrange" time="4.223"/>
  <testcase classname="testpkg.D_PIMTest" name="nameAdd" time="14.907"/>
  <testcase classname="testpkg.D_PIMTest" name="searchByName" time="9.335"/>
  <testcase classname="testpkg.D_PIMTest" name="searchById" time="9.542"/>
  <testcase classname="testpkg.E_AdminTest" name="OpenOrange" time="4.192"/>
  <testcase classname="testpkg.E_AdminTest" name="createNewUser" time="13.496"/>
  <testcase classname="testpkg.E_AdminTest" name="search" time="8.397"/>
  <testcase classname="testpkg.E_AdminTest" name="confirmation" time="6.874"/>
  <testcase classname="testpkg.F_LeaveTest" name="OpenOrange" time="4.202"/>
  <testcase classname="testpkg.F_LeaveTest" name="assignLeaveTest" time="18.24"/>
  <testcase classname="testpkg.G_ClaimsTest" name="OpenOrange" time="4.221"/>
  <testcase classname="testpkg.G_ClaimsTest" name="Assign" time="21.996"/>
  <testcase classname="testpkg.G_ClaimsTest" name="searchByName" time="11.478"/>
  <testcase classname="testpkg.H_RecruitmentTest" name="loginAndOpenAddCandidatePage" time="4.239"/>
  <testcase classname="testpkg.H_RecruitmentTest" name="addCandidateDetails" time="11.053"/>
  <testcase classname="testpkg.H_RecruitmentTest" name="searchAndFetchCandidate" time="11.387"/>
  <testcase classname="testpkg.K_MaintenanceTest" name="OpenOrange" time="5.202"/>
  <testcase classname="testpkg.K_MaintenanceTest" name="bypass" time="7.209"/>
  <testcase classname="testpkg.K_MaintenanceTest" name="searchPastEmployee" time="11.033"/>
  <testcase classname="basepkg.Base" name="@AfterTest srt1" time="0.0">
    <ignored/>
  </testcase> <!-- @AfterTest srt1 -->
  <testcase classname="basepkg.Base" name="@BeforeTest srto" time="0.0">
    <ignored/>
  </testcase> <!-- @BeforeTest srto -->
  <testcase classname="basepkg.Base" name="@AfterTest srt1" time="0.0">
    <ignored/>
  </testcase> <!-- @AfterTest srt1 -->
  <testcase classname="basepkg.Base" name="@AfterTest srt1" time="0.0">
    <ignored/>
  </testcase> <!-- @AfterTest srt1 -->
  <testcase classname="basepkg.Base" name="@AfterTest srt1" time="0.0">
    <ignored/>
  </testcase> <!-- @AfterTest srt1 -->
  <testcase classname="basepkg.Base" name="@AfterTest srt1" time="0.0">
    <ignored/>
  </testcase> <!-- @AfterTest srt1 -->
  <testcase classname="basepkg.Base" name="@AfterTest srt1" time="0.0">
    <ignored/>
  </testcase> <!-- @AfterTest srt1 -->
  <testcase classname="basepkg.Base" name="@BeforeTest srto" time="0.0">
    <ignored/>
  </testcase> <!-- @BeforeTest srto -->
  <testcase classname="basepkg.Base" name="@AfterTest srt1" time="0.0">
    <ignored/>
  </testcase> <!-- @AfterTest srt1 -->
  <testcase classname="basepkg.Base" name="@BeforeTest srto" time="0.0">
    <ignored/>
  </testcase> <!-- @BeforeTest srto -->
  <testcase classname="basepkg.Base" name="@BeforeTest srto" time="0.0">
    <ignored/>
  </testcase> <!-- @BeforeTest srto -->
  <testcase classname="basepkg.Base" name="@AfterTest srt1" time="0.0">
    <ignored/>
  </testcase> <!-- @AfterTest srt1 -->
  <testcase classname="basepkg.Base" name="@BeforeTest srto" time="0.0">
    <ignored/>
  </testcase> <!-- @BeforeTest srto -->
  <testcase classname="basepkg.Base" name="@BeforeTest srto" time="0.0">
    <ignored/>
  </testcase> <!-- @BeforeTest srto -->
  <testcase classname="basepkg.Base" name="@BeforeTest srto" time="0.0">
    <ignored/>
  </testcase> <!-- @BeforeTest srto -->
  <testcase classname="basepkg.Base" name="@BeforeTest srto" time="0.0">
    <ignored/>
  </testcase> <!-- @BeforeTest srto -->
</testsuite> <!-- Test -->
