<?xml version="1.0" encoding="UTF-8"?>
<!-- Generated by org.testng.reporters.JUnitReportReporter -->
<testsuite hostname="Personal-PC" failures="0" tests="4" name="testpkg.E_AdminTest" time="32.959" errors="0" timestamp="2025-10-29T14:39:03 IST" skipped="0">
  <testcase classname="testpkg.E_AdminTest" name="OpenOrange" time="4.192"/>
  <testcase classname="testpkg.E_AdminTest" name="createNewUser" time="13.496"/>
  <testcase classname="testpkg.E_AdminTest" name="search" time="8.397"/>
  <testcase classname="testpkg.E_AdminTest" name="confirmation" time="6.874"/>
</testsuite> <!-- testpkg.E_AdminTest -->
