<?xml version="1.0" encoding="UTF-8"?>
<!-- Generated by org.testng.reporters.JUnitReportReporter -->
<testsuite hostname="Personal-PC" failures="0" tests="3" name="testpkg.K_MaintenanceTest" time="23.444" errors="0" timestamp="2025-10-29T14:39:03 IST" skipped="0">
  <testcase classname="testpkg.K_MaintenanceTest" name="OpenOrange" time="5.202"/>
  <testcase classname="testpkg.K_MaintenanceTest" name="searchPastEmployee" time="11.033"/>
  <testcase classname="testpkg.K_MaintenanceTest" name="bypass" time="7.209"/>
</testsuite> <!-- testpkg.K_MaintenanceTest -->
