<?xml version="1.0" encoding="UTF-8"?>
<!-- Generated by org.testng.reporters.JUnitReportReporter -->
<testsuite hostname="Personal-PC" failures="0" tests="3" name="testpkg.H_RecruitmentTest" time="26.679" errors="0" timestamp="2025-10-29T14:39:03 IST" skipped="0">
  <testcase classname="testpkg.H_RecruitmentTest" name="loginAndOpenAddCandidatePage" time="4.239"/>
  <testcase classname="testpkg.H_RecruitmentTest" name="addCandidateDetails" time="11.053"/>
  <testcase classname="testpkg.H_RecruitmentTest" name="searchAndFetchCandidate" time="11.387"/>
</testsuite> <!-- testpkg.H_RecruitmentTest -->
