<?xml version="1.0" encoding="UTF-8"?>
<!-- Generated by org.testng.reporters.JUnitReportReporter -->
<testsuite hostname="Personal-PC" failures="0" tests="3" name="testpkg.G_ClaimsTest" time="37.695" errors="0" timestamp="2025-10-29T14:39:03 IST" skipped="0">
  <testcase classname="testpkg.G_ClaimsTest" name="OpenOrange" time="4.221"/>
  <testcase classname="testpkg.G_ClaimsTest" name="Assign" time="21.996"/>
  <testcase classname="testpkg.G_ClaimsTest" name="searchByName" time="11.478"/>
</testsuite> <!-- testpkg.G_ClaimsTest -->
