<?xml version="1.0" encoding="UTF-8"?>
<!-- Generated by org.testng.reporters.JUnitReportReporter -->
<testsuite hostname="Personal-PC" failures="0" tests="4" name="testpkg.D_PIMTest" time="38.007" errors="0" timestamp="2025-10-29T14:39:03 IST" skipped="0">
  <testcase classname="testpkg.D_PIMTest" name="OpenOrange" time="4.223"/>
  <testcase classname="testpkg.D_PIMTest" name="nameAdd" time="14.907"/>
  <testcase classname="testpkg.D_PIMTest" name="searchByName" time="9.335"/>
  <testcase classname="testpkg.D_PIMTest" name="searchById" time="9.542"/>
</testsuite> <!-- testpkg.D_PIMTest -->
