<?xml version="1.0" encoding="UTF-8"?>
<!-- Generated by org.testng.reporters.JUnitReportReporter -->
<testsuite hostname="Personal-PC" failures="0" tests="3" name="testpkg.C_SearchTest" time="12.824" errors="0" timestamp="2025-10-29T14:39:03 IST" skipped="0">
  <testcase classname="testpkg.C_SearchTest" name="searchInvalid" time="4.303"/>
  <testcase classname="testpkg.C_SearchTest" name="search" time="4.334"/>
  <testcase classname="testpkg.C_SearchTest" name="OpenOrange" time="4.187"/>
</testsuite> <!-- testpkg.C_SearchTest -->
