<?xml version="1.0" encoding="UTF-8"?>
<!-- Generated by org.testng.reporters.JUnitReportReporter -->
<testsuite hostname="Personal-PC" failures="0" tests="3" name="testpkg.E_PIMTest" time="22.695" errors="0" timestamp="2025-10-06T13:48:45 IST" skipped="0">
  <testcase classname="testpkg.E_PIMTest" name="OpenOrange" time="6.454"/>
  <testcase classname="testpkg.E_PIMTest" name="nameAdd" time="12.441"/>
  <testcase classname="testpkg.E_PIMTest" name="search" time="3.800"/>
</testsuite> <!-- testpkg.E_PIMTest -->
